[debug] [2024-10-02T16:26:15.344Z] : 
[debug] [2024-10-02T16:26:15.345Z] : ----------------------------------------------------------------------
[debug] [2024-10-02T16:26:15.345Z] : Command:      C:\Program Files\nodejs\node.exe C:\Users\kisho\AppData\Roaming\npm\node_modules\zcatalyst-cli\lib\bin\catalyst.js deploy
[debug] [2024-10-02T16:26:15.345Z] : CLI Version:  1.17.6
[debug] [2024-10-02T16:26:15.346Z] : Platform:     win32
[debug] [2024-10-02T16:26:15.346Z] : Node Version: v20.16.0
[debug] [2024-10-02T16:26:15.346Z] : Time:         Wed Oct 02 2024 21:56:15 GMT+0530 (India Standard Time)
[debug] [2024-10-02T16:26:15.346Z] : ----------------------------------------------------------------------
[debug] [2024-10-02T16:26:15.346Z] : 
[debug] [2024-10-02T16:26:16.080Z] : > authorizing via signed-in user option
[debug] [2024-10-02T16:26:16.081Z] : > command requires scopes: ["ZohoCatalyst.projects.ALL","ZohoCatalyst.functions.ALL","ZohoCatalyst.webapp.ALL","ZohoCatalyst.appsail.Update"]
[debug] [2024-10-02T16:26:16.094Z] : > refreshing access token <
[debug] [2024-10-02T16:26:16.095Z] : >>>> HTTP REQUEST : POST https://accounts.zoho.in/oauth/v2/token 
<request body omitted>

[debug] [2024-10-02T16:26:16.490Z] : <<<< HTTP RESPONSE : 200
Response Headers: {"server":"ZGS","date":"Wed, 02 Oct 2024 16:26:22 GMT","content-type":"application/json;charset=UTF-8","content-length":"1948","connection":"keep-alive","set-cookie":["zalb_6e73717622=13e67ac15bc4d3ece130966123511df7; Path=/; Secure; HttpOnly","iamcsr=7a9705f8-1b8c-44b7-b89b-d522eb3c20e7;path=/;SameSite=None;Secure;priority=high","_zcsr_tmp=7a9705f8-1b8c-44b7-b89b-d522eb3c20e7;path=/;SameSite=Strict;Secure;priority=high"],"cache-control":"no-store","x-content-type-options":"nosniff","content-security-policy":"script-src 'self' 'unsafe-inline' 'unsafe-eval' https://*.zohocdn.com https://*.zoho.com https://*.zoho.eu https://*.zoho.com.cn https://*.zoho.com.au https://*.zoho.jp https://*.zoho.uk https://*.zoho.sa https://*.zohocloud.ca; report-uri https://logsapi.zoho.in/csplog?service=accounts;","pragma":"no-cache","x-frame-options":"SAMEORIGIN","vary":"accept-encoding","content-language":"en-US","strict-transport-security":"max-age=63072000"}

[debug] [2024-10-02T16:26:16.588Z] : >>>> HTTP REQUEST : GET https://api.catalyst.zoho.in/baas/v1/project/9656000000008001 

[debug] [2024-10-02T16:26:17.000Z] : <<<< HTTP RESPONSE : 200
Response Headers: {"server":"ZGS","date":"Wed, 02 Oct 2024 16:26:23 GMT","content-type":"application/vnd.catalyst.v2+json","transfer-encoding":"chunked","connection":"keep-alive","set-cookie":["zalb_3a750b85f1=7c58023b2365c117e2ff9b6feb09efa2; Path=/; Secure; HttpOnly","ZD_CSRF_TOKEN=f89d9971-47d9-4945-81c9-b3c5aaec827b;path=/;SameSite=None;Secure;priority=high","_zcsr_tmp=f89d9971-47d9-4945-81c9-b3c5aaec827b;path=/;SameSite=Strict;Secure;priority=high"],"x-content-type-options":"nosniff","x-xss-protection":"1","cache-control":"private,no-cache,no-store,max-age=0,must-revalidate","pragma":"no-cache","expires":"Thu, 01 Jan 1970 00:00:00 GMT","x-frame-options":"DENY","strict-transport-security":"max-age=63072000"}

[debug] [2024-10-02T16:26:17.004Z] : >>>> HTTP REQUEST : GET https://api.catalyst.zoho.in/baas/v1/project/9656000000008001/environment 

[debug] [2024-10-02T16:26:17.204Z] : <<<< HTTP RESPONSE : 200
Response Headers: {"server":"ZGS","date":"Wed, 02 Oct 2024 16:26:23 GMT","content-type":"application/vnd.catalyst.v2+json","transfer-encoding":"chunked","connection":"keep-alive","set-cookie":["zalb_3a750b85f1=99131cfabfda186b4fe68a16fb8fedd6; Path=/; Secure; HttpOnly","ZD_CSRF_TOKEN=5300b560-4f39-49bf-b814-4190570322fd;path=/;SameSite=None;Secure;priority=high","_zcsr_tmp=5300b560-4f39-49bf-b814-4190570322fd;path=/;SameSite=Strict;Secure;priority=high"],"x-content-type-options":"nosniff","x-xss-protection":"1","cache-control":"private,no-cache,no-store,max-age=0,must-revalidate","pragma":"no-cache","expires":"Thu, 01 Jan 1970 00:00:00 GMT","x-frame-options":"DENY","strict-transport-security":"max-age=63072000"}

[debug] [2024-10-02T16:26:23.008Z] : >>>> HTTP REQUEST : PUT https://api.catalyst.zoho.in/baas/v1/project/9656000000008001/appsail/upsert 

[debug] [2024-10-02T16:28:47.778Z] : CatalystError: API Error: socket hang up
    at API.<anonymous> (C:\Users\kisho\AppData\Roaming\npm\node_modules\zcatalyst-cli\lib\internal\api.js:214:32)
    at Generator.next (<anonymous>)
    at C:\Users\kisho\AppData\Roaming\npm\node_modules\zcatalyst-cli\lib\internal\api.js:31:71
    at new Promise (<anonymous>)
    at __awaiter (C:\Users\kisho\AppData\Roaming\npm\node_modules\zcatalyst-cli\lib\internal\api.js:27:12)
    at Request._callback (C:\Users\kisho\AppData\Roaming\npm\node_modules\zcatalyst-cli\lib\internal\api.js:194:67)
    at self.callback (C:\Users\kisho\AppData\Roaming\npm\node_modules\zcatalyst-cli\node_modules\request\request.js:185:22)
    at Request.emit (node:events:519:28)
    at Request.onRequestError (C:\Users\kisho\AppData\Roaming\npm\node_modules\zcatalyst-cli\node_modules\request\request.js:877:8)
    at ClientRequest.emit (node:events:519:28) {
  status: 500,
  exit: 2,
  original: Error: socket hang up
      at TLSSocket.socketOnEnd (node:_http_client:524:23)
      at TLSSocket.emit (node:events:531:35)
      at endReadableNT (node:internal/streams/readable:1696:12)
      at process.processTicksAndRejections (node:internal/process/task_queues:82:21) {
    code: 'ECONNRESET'
  },
  context: undefined,
  errorId: undefined,
  arg: undefined,
  skipHelp: false,
  fileName: 'C:\\Users\\kisho\\AppData\\Roaming\\npm\\node_modules\\zcatalyst-cli\\lib\\internal\\api'
}
[warn] [2024-10-02T16:28:47.780Z] : ‼ Deploy of AppSail [AppSail] was unsuccessful since API Error: socket hang up
[info] [2024-10-02T16:28:47.781Z] : 
[error] [2024-10-02T16:28:47.781Z] : × appsail: deploy skipped
[info] [2024-10-02T16:28:47.782Z] : 
[error] [2024-10-02T16:28:47.782Z] : × No components deployed!
[error] [2024-10-02T16:28:47.786Z] : × API Error: socket hang up
[debug] [2024-10-02T16:28:47.787Z] : Error Stack: CatalystError: API Error: socket hang up
    at API.<anonymous> (C:\Users\kisho\AppData\Roaming\npm\node_modules\zcatalyst-cli\lib\internal\api.js:214:32)
    at Generator.next (<anonymous>)
    at C:\Users\kisho\AppData\Roaming\npm\node_modules\zcatalyst-cli\lib\internal\api.js:31:71
    at new Promise (<anonymous>)
    at __awaiter (C:\Users\kisho\AppData\Roaming\npm\node_modules\zcatalyst-cli\lib\internal\api.js:27:12)
    at Request._callback (C:\Users\kisho\AppData\Roaming\npm\node_modules\zcatalyst-cli\lib\internal\api.js:194:67)
    at self.callback (C:\Users\kisho\AppData\Roaming\npm\node_modules\zcatalyst-cli\node_modules\request\request.js:185:22)
    at Request.emit (node:events:519:28)
    at Request.onRequestError (C:\Users\kisho\AppData\Roaming\npm\node_modules\zcatalyst-cli\node_modules\request\request.js:877:8)
    at ClientRequest.emit (node:events:519:28)
[debug] [2024-10-02T16:28:47.787Z] : Original Error: Error: socket hang up
    at TLSSocket.socketOnEnd (node:_http_client:524:23)
    at TLSSocket.emit (node:events:531:35)
    at endReadableNT (node:internal/streams/readable:1696:12)
    at process.processTicksAndRejections (node:internal/process/task_queues:82:21)
[debug] [2024-10-02T16:28:47.787Z] : Error Status: 500
[info] [2024-10-02T16:28:47.787Z] : Kindly contact Catalyst support [support@zohocatalyst.com] if you need any further assistance
[debug] [2024-10-02T16:28:47.788Z] : EXEC ENDED with event: deploy, message: success
[debug] [2024-10-02T16:28:47.788Z] : TOTAL DURATION OF COMMAND EXEC : 151714
[debug] [2024-10-02T16:28:47.799Z] : >>>> HTTP REQUEST : POST https://api.catalyst.zoho.in/baas/v1/cli/logs 
<request body omitted>

[debug] [2024-10-02T16:28:49.805Z] : <<<< HTTP RESPONSE : 400
Response Headers: {"server":"ZGS","date":"Wed, 02 Oct 2024 16:28:55 GMT","content-type":"application/json;charset=ISO-8859-1","content-length":"147","connection":"keep-alive","set-cookie":["zalb_3a750b85f1=7c58023b2365c117e2ff9b6feb09efa2; Path=/; Secure; HttpOnly","ZD_CSRF_TOKEN=3da4ae2f-11be-47ea-85e4-6c8e6315a727;path=/;SameSite=None;Secure;priority=high","_zcsr_tmp=3da4ae2f-11be-47ea-85e4-6c8e6315a727;path=/;SameSite=Strict;Secure;priority=high","JSESSIONID=95AD37909EF43C045E52C5B40BC82C8F; Path=/; Secure; HttpOnly"],"x-content-type-options":"nosniff","x-xss-protection":"1","x-frame-options":"DENY","strict-transport-security":"max-age=63072000"}

[debug] [2024-10-02T16:28:49.808Z] : Response Body : {"status":"failure","data":{"error_code":"INPUT_SIZE_MORE_THAN_ALLOWED","message":"Please check if the size of the input is in the correct range"}}

[debug] [2024-10-02T16:28:49.810Z] : Unable to send debug log to server: HTTP Error: 400, Please check if the size of the input is in the correct range
